#
# A fatal error has been detected by the Java Runtime Environment:
#
#  Internal Error (javaCalls.cpp:62), pid=6532, tid=6252
#  guarantee(thread->is_Java_thread()) failed: crucial check - the VM thread cannot and must not escape to Java code
#
# JRE version: Java(TM) SE Runtime Environment (7.0_45-b18) (build 1.7.0_45-b18)
# Java VM: Java HotSpot(TM) 64-Bit Server VM (24.45-b08 mixed mode windows-amd64 compressed oops)
# Failed to write core dump. Minidumps are not enabled by default on client versions of Windows
#
# If you would like to submit a bug report, please visit:
#   http://bugreport.sun.com/bugreport/crash.jsp
#

---------------  T H R E A D  ---------------

Current thread (0x000000000a7d8800):  VMThread [stack: 0x000000000b930000,0x000000000ba30000] [id=6252]

Stack: [0x000000000b930000,0x000000000ba30000]
VM_Operation (0x000000000c1cf200): GetOrSetLocal, mode: safepoint, requested by thread 0x000000000a847800


---------------  P R O C E S S  ---------------

Java Threads: ( => current thread )
  0x000000000f818800 JavaThread "Thread-3" [_thread_blocked, id=5752, stack(0x00000000112e0000,0x00000000113e0000)]
  0x000000000d029800 JavaThread "Swing-Shell" daemon [_thread_blocked, id=4732, stack(0x000000000eda0000,0x000000000eea0000)]
  0x000000000c829000 JavaThread "TimerQueue" daemon [_thread_blocked, id=6844, stack(0x000000000e140000,0x000000000e240000)]
  0x000000000ce53000 JavaThread "org.netbeans.modules.debugger.jpda.visual AWT Access Loop" daemon [_thread_blocked, id=6980, stack(0x000000000dbf0000,0x000000000dcf0000)]
  0x00000000021e8000 JavaThread "DestroyJavaVM" [_thread_blocked, id=6168, stack(0x00000000026a0000,0x00000000027a0000)]
  0x000000000c8ea000 JavaThread "AWT-EventQueue-0" [_thread_blocked, id=7052, stack(0x000000000da20000,0x000000000db20000)]
  0x000000000c602800 JavaThread "AWT-Windows" daemon [_thread_in_native, id=7148, stack(0x000000000d8f0000,0x000000000d9f0000)]
  0x000000000c601800 JavaThread "AWT-Shutdown" [_thread_blocked, id=7116, stack(0x000000000d680000,0x000000000d780000)]
  0x000000000c5ff800 JavaThread "Java2D Disposer" daemon [_thread_blocked, id=6272, stack(0x000000000d7b0000,0x000000000d8b0000)]
  0x000000000c519800 JavaThread "Service Thread" daemon [_thread_blocked, id=6400, stack(0x000000000cbd0000,0x000000000ccd0000)]
  0x000000000c50b800 JavaThread "C2 CompilerThread1" daemon [_thread_blocked, id=4284, stack(0x000000000bf70000,0x000000000c070000)]
  0x000000000c50a000 JavaThread "C2 CompilerThread0" daemon [_thread_blocked, id=4912, stack(0x000000000c9d0000,0x000000000cad0000)]
  0x000000000a858800 JavaThread "JDWP Command Reader" daemon [_thread_in_native, id=7036, stack(0x000000000c400000,0x000000000c500000)]
  0x000000000a855800 JavaThread "JDWP Event Helper Thread" daemon [_thread_blocked, id=4448, stack(0x000000000c2c0000,0x000000000c3c0000)]
  0x000000000a847800 JavaThread "JDWP Transport Listener: dt_shmem" daemon [_thread_blocked, id=6028, stack(0x000000000c0d0000,0x000000000c1d0000)]
  0x000000000a841000 JavaThread "Attach Listener" daemon [_thread_blocked, id=7076, stack(0x000000000be60000,0x000000000bf60000)]
  0x000000000a839800 JavaThread "Signal Dispatcher" daemon [_thread_blocked, id=6292, stack(0x000000000ba30000,0x000000000bb30000)]
  0x000000000a7e5000 JavaThread "Finalizer" daemon [_thread_blocked, id=6828, stack(0x000000000bcf0000,0x000000000bdf0000)]
  0x000000000a7dc000 JavaThread "Reference Handler" daemon [_thread_blocked, id=6316, stack(0x000000000bb90000,0x000000000bc90000)]

Other Threads:
=>0x000000000a7d8800 VMThread [stack: 0x000000000b930000,0x000000000ba30000] [id=6252]
  0x000000000c527000 WatcherThread [stack: 0x000000000cd50000,0x000000000ce50000] [id=6164]

VM state:at safepoint (normal execution)

VM Mutex/Monitor currently owned by a thread:  ([mutex/lock_event])
[0x00000000023ad480] Threads_lock - owner thread: 0x000000000a7d8800

Heap
 PSYoungGen      total 416256K, used 184478K [0x00000007d5e00000, 0x00000007feb00000, 0x0000000800000000)
  eden space 214528K, 57% used [0x00000007d5e00000,0x00000007dd6ad210,0x00000007e2f80000)
  from space 201728K, 30% used [0x00000007f0580000,0x00000007f40fa938,0x00000007fca80000)
  to   space 219136K, 0% used [0x00000007e2f80000,0x00000007e2f80000,0x00000007f0580000)
 ParOldGen       total 838656K, used 527304K [0x0000000781a00000, 0x00000007b4d00000, 0x00000007d5e00000)
  object space 838656K, 62% used [0x0000000781a00000,0x00000007a1cf2380,0x00000007b4d00000)
 PSPermGen       total 49152K, used 39853K [0x000000077c800000, 0x000000077f800000, 0x0000000781a00000)
  object space 49152K, 81% used [0x000000077c800000,0x000000077eeeb5e8,0x000000077f800000)

Card table byte_map: [0x00000000057a0000,0x0000000005bc0000] byte_map_base: 0x0000000001bbc000

Polling page: 0x0000000000330000

Code Cache  [0x00000000027a0000, 0x0000000002b10000, 0x00000000057a0000)
 total_blobs=1375 nmethods=780 adapters=554 free_code_cache=45902Kb largest_free_block=46768448

Compilation events (10 events):
Event: 62.913 Thread 0x000000000c50b800  874             javax.swing.text.GapVector::getGapEnd (5 bytes)
Event: 62.913 Thread 0x000000000c50a000  875             javax.swing.text.GapVector::getGapStart (5 bytes)
Event: 62.913 Thread 0x000000000c50a000 nmethod 875 0x0000000002aa9050 code [0x0000000002aa9180, 0x0000000002aa91d8]
Event: 62.913 Thread 0x000000000c50b800 nmethod 874 0x0000000002aa8e50 code [0x0000000002aa8f80, 0x0000000002aa8fd8]
Event: 62.915 Thread 0x000000000c50b800  876             java.awt.geom.Rectangle2D::<init> (5 bytes)
Event: 62.916 Thread 0x000000000c50b800 nmethod 876 0x0000000002aa8c50 code [0x0000000002aa8d80, 0x0000000002aa8dd8]
Event: 83.915 Thread 0x000000000c50a000  877             java.util.concurrent.locks.ReentrantLock$Sync::nonfairTryAcquire (67 bytes)
Event: 83.916 Thread 0x000000000c50a000 nmethod 877 0x0000000002a74610 code [0x0000000002a74740, 0x0000000002a74838]
Event: 99.196 Thread 0x000000000c50b800  878             sun.font.CompositeStrike::getStrikeForSlot (42 bytes)
Event: 99.197 Thread 0x000000000c50b800 nmethod 878 0x0000000002a742d0 code [0x0000000002a74420, 0x0000000002a74518]

GC Heap History (10 events):
Event: 13.048 GC heap before
{Heap before GC invocations=12 (full 3):
 PSYoungGen      total 278016K, used 78305K [0x00000007d5e00000, 0x00000007f4680000, 0x0000000800000000)
  eden space 199680K, 0% used [0x00000007d5e00000,0x00000007d5e00000,0x00000007e2100000)
  from space 78336K, 99% used [0x00000007e2100000,0x00000007e6d786d0,0x00000007e6d80000)
  to   space 140288K, 0% used [0x00000007ebd80000,0x00000007ebd80000,0x00000007f4680000)
 ParOldGen       total 298496K, used 269737K [0x0000000781a00000, 0x0000000793d80000, 0x00000007d5e00000)
  object space 298496K, 90% used [0x0000000781a00000,0x000000079216a588,0x0000000793d80000)
 PSPermGen       total 51200K, used 22627K [0x000000077c800000, 0x000000077fa00000, 0x0000000781a00000)
  object space 51200K, 44% used [0x000000077c800000,0x000000077de18f70,0x000000077fa00000)
Event: 14.192 GC heap after
Heap after GC invocations=12 (full 3):
 PSYoungGen      total 278016K, used 44023K [0x00000007d5e00000, 0x00000007f4680000, 0x0000000800000000)
  eden space 199680K, 0% used [0x00000007d5e00000,0x00000007d5e00000,0x00000007e2100000)
  from space 78336K, 56% used [0x00000007e2100000,0x00000007e4bfdcd0,0x00000007e6d80000)
  to   space 140288K, 0% used [0x00000007ebd80000,0x00000007ebd80000,0x00000007f4680000)
 ParOldGen       total 527360K, used 298204K [0x0000000781a00000, 0x00000007a1d00000, 0x00000007d5e00000)
  object space 527360K, 56% used [0x0000000781a00000,0x0000000793d37008,0x00000007a1d00000)
 PSPermGen       total 49152K, used 22627K [0x000000077c800000, 0x000000077f800000, 0x0000000781a00000)
  object space 49152K, 46% used [0x000000077c800000,0x000000077de18f70,0x000000077f800000)
}
Event: 14.996 GC heap before
{Heap before GC invocations=13 (full 3):
 PSYoungGen      total 278016K, used 243703K [0x00000007d5e00000, 0x00000007f4680000, 0x0000000800000000)
  eden space 199680K, 100% used [0x00000007d5e00000,0x00000007e2100000,0x00000007e2100000)
  from space 78336K, 56% used [0x00000007e2100000,0x00000007e4bfdcd0,0x00000007e6d80000)
  to   space 140288K, 0% used [0x00000007ebd80000,0x00000007ebd80000,0x00000007f4680000)
 ParOldGen       total 527360K, used 298204K [0x0000000781a00000, 0x00000007a1d00000, 0x00000007d5e00000)
  object space 527360K, 56% used [0x0000000781a00000,0x0000000793d37008,0x00000007a1d00000)
 PSPermGen       total 49152K, used 22695K [0x000000077c800000, 0x000000077f800000, 0x0000000781a00000)
  object space 49152K, 46% used [0x000000077c800000,0x000000077de29c10,0x000000077f800000)
Event: 15.163 GC heap after
Heap after GC invocations=13 (full 3):
 PSYoungGen      total 340480K, used 122336K [0x00000007d5e00000, 0x00000007f6980000, 0x0000000800000000)
  eden space 200192K, 0% used [0x00000007d5e00000,0x00000007d5e00000,0x00000007e2180000)
  from space 140288K, 87% used [0x00000007ebd80000,0x00000007f34f83b8,0x00000007f4680000)
  to   space 159744K, 0% used [0x00000007e2180000,0x00000007e2180000,0x00000007ebd80000)
 ParOldGen       total 527360K, used 298204K [0x0000000781a00000, 0x00000007a1d00000, 0x00000007d5e00000)
  object space 527360K, 56% used [0x0000000781a00000,0x0000000793d37008,0x00000007a1d00000)
 PSPermGen       total 49152K, used 22695K [0x000000077c800000, 0x000000077f800000, 0x0000000781a00000)
  object space 49152K, 46% used [0x000000077c800000,0x000000077de29c10,0x000000077f800000)
}
Event: 15.534 GC heap before
{Heap before GC invocations=14 (full 3):
 PSYoungGen      total 340480K, used 322528K [0x00000007d5e00000, 0x00000007f6980000, 0x0000000800000000)
  eden space 200192K, 100% used [0x00000007d5e00000,0x00000007e2180000,0x00000007e2180000)
  from space 140288K, 87% used [0x00000007ebd80000,0x00000007f34f83b8,0x00000007f4680000)
  to   space 159744K, 0% used [0x00000007e2180000,0x00000007e2180000,0x00000007ebd80000)
 ParOldGen       total 527360K, used 298204K [0x0000000781a00000, 0x00000007a1d00000, 0x00000007d5e00000)
  object space 527360K, 56% used [0x0000000781a00000,0x0000000793d37008,0x00000007a1d00000)
 PSPermGen       total 49152K, used 22695K [0x000000077c800000, 0x000000077f800000, 0x0000000781a00000)
  object space 49152K, 46% used [0x000000077c800000,0x000000077de29c10,0x000000077f800000)
Event: 15.786 GC heap after
Heap after GC invocations=14 (full 3):
 PSYoungGen      total 359936K, used 159712K [0x00000007d5e00000, 0x00000007fca80000, 0x0000000800000000)
  eden space 200192K, 0% used [0x00000007d5e00000,0x00000007d5e00000,0x00000007e2180000)
  from space 159744K, 99% used [0x00000007e2180000,0x00000007ebd782c8,0x00000007ebd80000)
  to   space 201728K, 0% used [0x00000007f0580000,0x00000007f0580000,0x00000007fca80000)
 ParOldGen       total 527360K, used 334812K [0x0000000781a00000, 0x00000007a1d00000, 0x00000007d5e00000)
  object space 527360K, 63% used [0x0000000781a00000,0x00000007960f7088,0x00000007a1d00000)
 PSPermGen       total 49152K, used 22695K [0x000000077c800000, 0x000000077f800000, 0x0000000781a00000)
  object space 49152K, 46% used [0x000000077c800000,0x000000077de29c10,0x000000077f800000)
}
Event: 18.268 GC heap before
{Heap before GC invocations=15 (full 3):
 PSYoungGen      total 359936K, used 359902K [0x00000007d5e00000, 0x00000007fca80000, 0x0000000800000000)
  eden space 200192K, 99% used [0x00000007d5e00000,0x00000007e217f6e0,0x00000007e2180000)
  from space 159744K, 99% used [0x00000007e2180000,0x00000007ebd782c8,0x00000007ebd80000)
  to   space 201728K, 0% used [0x00000007f0580000,0x00000007f0580000,0x00000007fca80000)
 ParOldGen       total 527360K, used 334812K [0x0000000781a00000, 0x00000007a1d00000, 0x00000007d5e00000)
  object space 527360K, 63% used [0x0000000781a00000,0x00000007960f7088,0x00000007a1d00000)
 PSPermGen       total 49152K, used 26039K [0x000000077c800000, 0x000000077f800000, 0x0000000781a00000)
  object space 49152K, 52% used [0x000000077c800000,0x000000077e16df30,0x000000077f800000)
Event: 18.581 GC heap after
Heap after GC invocations=15 (full 3):
 PSYoungGen      total 416256K, used 150255K [0x00000007d5e00000, 0x00000007feb00000, 0x0000000800000000)
  eden space 214528K, 0% used [0x00000007d5e00000,0x00000007d5e00000,0x00000007e2f80000)
  from space 201728K, 74% used [0x00000007f0580000,0x00000007f983bf98,0x00000007fca80000)
  to   space 219136K, 0% used [0x00000007e2f80000,0x00000007e2f80000,0x00000007f0580000)
 ParOldGen       total 527360K, used 440012K [0x0000000781a00000, 0x00000007a1d00000, 0x00000007d5e00000)
  object space 527360K, 83% used [0x0000000781a00000,0x000000079c7b33b8,0x00000007a1d00000)
 PSPermGen       total 49152K, used 26039K [0x000000077c800000, 0x000000077f800000, 0x0000000781a00000)
  object space 49152K, 52% used [0x000000077c800000,0x000000077e16df30,0x000000077f800000)
}
Event: 18.581 GC heap before
{Heap before GC invocations=16 (full 4):
 PSYoungGen      total 416256K, used 150255K [0x00000007d5e00000, 0x00000007feb00000, 0x0000000800000000)
  eden space 214528K, 0% used [0x00000007d5e00000,0x00000007d5e00000,0x00000007e2f80000)
  from space 201728K, 74% used [0x00000007f0580000,0x00000007f983bf98,0x00000007fca80000)
  to   space 219136K, 0% used [0x00000007e2f80000,0x00000007e2f80000,0x00000007f0580000)
 ParOldGen       total 527360K, used 440012K [0x0000000781a00000, 0x00000007a1d00000, 0x00000007d5e00000)
  object space 527360K, 83% used [0x0000000781a00000,0x000000079c7b33b8,0x00000007a1d00000)
 PSPermGen       total 49152K, used 26039K [0x000000077c800000, 0x000000077f800000, 0x0000000781a00000)
  object space 49152K, 52% used [0x000000077c800000,0x000000077e16df30,0x000000077f800000)
Event: 21.553 GC heap after
Heap after GC invocations=16 (full 4):
 PSYoungGen      total 416256K, used 60906K [0x00000007d5e00000, 0x00000007feb00000, 0x0000000800000000)
  eden space 214528K, 0% used [0x00000007d5e00000,0x00000007d5e00000,0x00000007e2f80000)
  from space 201728K, 30% used [0x00000007f0580000,0x00000007f40fa938,0x00000007fca80000)
  to   space 219136K, 0% used [0x00000007e2f80000,0x00000007e2f80000,0x00000007f0580000)
 ParOldGen       total 838656K, used 527304K [0x0000000781a00000, 0x00000007b4d00000, 0x00000007d5e00000)
  object space 838656K, 62% used [0x0000000781a00000,0x00000007a1cf2380,0x00000007b4d00000)
 PSPermGen       total 49152K, used 26038K [0x000000077c800000, 0x000000077f800000, 0x0000000781a00000)
  object space 49152K, 52% used [0x000000077c800000,0x000000077e16da70,0x000000077f800000)
}

Deoptimization events (10 events):
Event: 59.351 Thread 0x000000000f818800 Uncommon trap: reason=class_check action=maybe_recompile pc=0x0000000002aa14c0 method=org.apache.xmlbeans.impl.values.XmlObjectBase.get_default_attribute_value(Ljavax/xml/namespace/QName;)Lorg/apache/xmlbeans/XmlAnySimpleType; @ 1
Event: 59.351 Thread 0x000000000f818800 Uncommon trap: reason=class_check action=maybe_recompile pc=0x0000000002aa14c0 method=org.apache.xmlbeans.impl.values.XmlObjectBase.get_default_attribute_value(Ljavax/xml/namespace/QName;)Lorg/apache/xmlbeans/XmlAnySimpleType; @ 1
Event: 59.351 Thread 0x000000000f818800 Uncommon trap: reason=class_check action=maybe_recompile pc=0x0000000002aa14c0 method=org.apache.xmlbeans.impl.values.XmlObjectBase.get_default_attribute_value(Ljavax/xml/namespace/QName;)Lorg/apache/xmlbeans/XmlAnySimpleType; @ 1
Event: 59.353 Thread 0x000000000f818800 Uncommon trap: reason=unreached action=reinterpret pc=0x0000000002a8ac14 method=org.apache.xmlbeans.impl.store.Xobj.lastAttr()Lorg/apache/xmlbeans/impl/store/Xobj; @ 28
Event: 59.353 Thread 0x000000000f818800 Uncommon trap: reason=unreached action=reinterpret pc=0x0000000002aa3e4c method=org.apache.xmlbeans.impl.store.Xobj.lastAttr()Lorg/apache/xmlbeans/impl/store/Xobj; @ 28
Event: 59.354 Thread 0x000000000f818800 Uncommon trap: reason=unreached action=reinterpret pc=0x0000000002919260 method=org.eclipse.persistence.internal.helper.DatabaseField.getNameForComparisons()Ljava/lang/String; @ 4
Event: 59.354 Thread 0x000000000f818800 Uncommon trap: reason=unreached action=reinterpret pc=0x0000000002921ddc method=org.eclipse.persistence.internal.helper.DatabaseField.getNameForComparisons()Ljava/lang/String; @ 4
Event: 59.401 Thread 0x000000000f818800 Uncommon trap: reason=unloaded action=reinterpret pc=0x000000000282b074 method=java.lang.String.substring(II)Ljava/lang/String; @ 22
Event: 66.513 Thread 0x000000000f818800 Uncommon trap: reason=bimorphic action=maybe_recompile pc=0x00000000028f07c0 method=java.util.regex.Matcher.search(I)Z @ 86
Event: 66.513 Thread 0x000000000f818800 Uncommon trap: reason=bimorphic action=maybe_recompile pc=0x00000000028f07c0 method=java.util.regex.Matcher.search(I)Z @ 86

Internal exceptions (10 events):
Event: 66.506 Thread 0x000000000f818800 Threw 0x00000007dd416cb8 at C:\re\jdk7u45\229\hotspot\src\share\vm\prims\jvm.cpp:1244
Event: 66.506 Thread 0x000000000f818800 Threw 0x00000007dd41fa18 at C:\re\jdk7u45\229\hotspot\src\share\vm\prims\jvm.cpp:1244
Event: 66.508 Thread 0x000000000f818800 Threw 0x00000007dd4295b8 at C:\re\jdk7u45\229\hotspot\src\share\vm\prims\jvm.cpp:1244
Event: 66.508 Thread 0x000000000f818800 Threw 0x00000007dd42cb28 at C:\re\jdk7u45\229\hotspot\src\share\vm\prims\jvm.cpp:1244
Event: 66.509 Thread 0x000000000f818800 Threw 0x00000007dd4303e0 at C:\re\jdk7u45\229\hotspot\src\share\vm\prims\jvm.cpp:1244
Event: 66.510 Thread 0x000000000f818800 Threw 0x00000007dd4452b0 at C:\re\jdk7u45\229\hotspot\src\share\vm\prims\jvm.cpp:1244
Event: 66.511 Thread 0x000000000f818800 Threw 0x00000007dd44c978 at C:\re\jdk7u45\229\hotspot\src\share\vm\prims\jvm.cpp:1244
Event: 66.512 Thread 0x000000000f818800 Threw 0x00000007dd44fd18 at C:\re\jdk7u45\229\hotspot\src\share\vm\prims\jvm.cpp:1244
Event: 66.512 Thread 0x000000000f818800 Threw 0x00000007dd4533a8 at C:\re\jdk7u45\229\hotspot\src\share\vm\prims\jvm.cpp:1244
Event: 66.512 Thread 0x000000000f818800 Threw 0x00000007dd456458 at C:\re\jdk7u45\229\hotspot\src\share\vm\prims\jvm.cpp:1244

Events (10 events):
Event: 99.176 Executing VM operation: ChangeSingleStep
Event: 99.176 Executing VM operation: ChangeSingleStep done
Event: 99.176 Executing VM operation: GetCurrentLocation
Event: 99.176 Executing VM operation: GetCurrentLocation done
Event: 99.176 Executing VM operation: ChangeSingleStep
Event: 99.176 Executing VM operation: ChangeSingleStep done
Event: 99.176 Executing VM operation: ChangeSingleStep
Event: 99.176 Executing VM operation: ChangeSingleStep done
Event: 99.197 Thread 0x000000000c50b800 flushing nmethod 0x0000000002959590
Event: 99.308 Executing VM operation: GetOrSetLocal


Dynamic libraries:
0x000000013f900000 - 0x000000013f933000 	C:\Program Files\Java\jdk1.7.0_45\bin\java.exe
0x0000000076de0000 - 0x0000000076f89000 	C:\Windows\SYSTEM32\ntdll.dll
0x0000000076cc0000 - 0x0000000076ddf000 	C:\Windows\system32\kernel32.dll
0x000007fefcf20000 - 0x000007fefcf8c000 	C:\Windows\system32\KERNELBASE.dll
0x000007fefe7b0000 - 0x000007fefe88b000 	C:\Windows\system32\ADVAPI32.dll
0x000007fefe890000 - 0x000007fefe92f000 	C:\Windows\system32\msvcrt.dll
0x000007fefe930000 - 0x000007fefe94f000 	C:\Windows\SYSTEM32\sechost.dll
0x000007fefeb60000 - 0x000007fefec8d000 	C:\Windows\system32\RPCRT4.dll
0x0000000076bc0000 - 0x0000000076cba000 	C:\Windows\system32\USER32.dll
0x000007fefd100000 - 0x000007fefd167000 	C:\Windows\system32\GDI32.dll
0x000007fefe7a0000 - 0x000007fefe7ae000 	C:\Windows\system32\LPK.dll
0x000007fefe2e0000 - 0x000007fefe3a9000 	C:\Windows\system32\USP10.dll
0x000007fefb690000 - 0x000007fefb884000 	C:\Windows\WinSxS\amd64_microsoft.windows.common-controls_6595b64144ccf1df_6.0.7601.17514_none_fa396087175ac9ac\COMCTL32.dll
0x000007fefe670000 - 0x000007fefe6e1000 	C:\Windows\system32\SHLWAPI.dll
0x000007fefd0d0000 - 0x000007fefd0fe000 	C:\Windows\system32\IMM32.DLL
0x000007fefefe0000 - 0x000007feff0e9000 	C:\Windows\system32\MSCTF.dll
0x0000000073b40000 - 0x0000000073c12000 	C:\Program Files\Java\jdk1.7.0_45\jre\bin\msvcr100.dll
0x000000006a9d0000 - 0x000000006b199000 	C:\Program Files\Java\jdk1.7.0_45\jre\bin\server\jvm.dll
0x000007fef3ec0000 - 0x000007fef3ec9000 	C:\Windows\system32\WSOCK32.dll
0x000007fefe750000 - 0x000007fefe79d000 	C:\Windows\system32\WS2_32.dll
0x000007fefe3b0000 - 0x000007fefe3b8000 	C:\Windows\system32\NSI.dll
0x000007fefa9e0000 - 0x000007fefaa1b000 	C:\Windows\system32\WINMM.dll
0x0000000076fb0000 - 0x0000000076fb7000 	C:\Windows\system32\PSAPI.DLL
0x0000000073cb0000 - 0x0000000073cbf000 	C:\Program Files\Java\jdk1.7.0_45\jre\bin\verify.dll
0x0000000073c80000 - 0x0000000073ca8000 	C:\Program Files\Java\jdk1.7.0_45\jre\bin\java.dll
0x000000006b8a0000 - 0x000000006b8d5000 	C:\Program Files\Java\jdk1.7.0_45\jre\bin\jdwp.dll
0x000000006b890000 - 0x000000006b898000 	C:\Program Files\Java\jdk1.7.0_45\jre\bin\npt.dll
0x0000000073c60000 - 0x0000000073c75000 	C:\Program Files\Java\jdk1.7.0_45\jre\bin\zip.dll
0x00000000715d0000 - 0x00000000715db000 	C:\Program Files\Java\jdk1.7.0_45\jre\bin\dt_shmem.dll
0x00000000739a0000 - 0x0000000073b35000 	C:\Program Files\Java\jdk1.7.0_45\jre\bin\awt.dll
0x000007fefcff0000 - 0x000007fefd0c7000 	C:\Windows\system32\OLEAUT32.dll
0x000007fefe950000 - 0x000007fefeb53000 	C:\Windows\system32\ole32.dll
0x000007fefcaf0000 - 0x000007fefcaff000 	C:\Windows\system32\CRYPTBASE.dll
0x000007fefd350000 - 0x000007fefe0d8000 	C:\Windows\system32\SHELL32.dll
0x000007fefb300000 - 0x000007fefb318000 	C:\Windows\system32\DWMAPI.DLL
0x0000000073950000 - 0x0000000073996000 	C:\Program Files\Java\jdk1.7.0_45\jre\bin\fontmanager.dll
0x0000000073c40000 - 0x0000000073c59000 	C:\Program Files\Java\jdk1.7.0_45\jre\bin\net.dll
0x000007fefc430000 - 0x000007fefc485000 	C:\Windows\system32\mswsock.dll
0x000007fefc420000 - 0x000007fefc427000 	C:\Windows\System32\wship6.dll
0x0000000073c20000 - 0x0000000073c31000 	C:\Program Files\Java\jdk1.7.0_45\jre\bin\nio.dll
0x0000000073900000 - 0x0000000073941000 	C:\Program Files\Java\jdk1.7.0_45\jre\bin\t2k.dll
0x000007fefec90000 - 0x000007fefed29000 	C:\Windows\system32\CLBCatQ.DLL
0x000007fefac30000 - 0x000007fefad91000 	C:\Windows\system32\WindowsCodecs.dll
0x000007fefca90000 - 0x000007fefcae7000 	C:\Windows\system32\apphelp.dll
0x000007fef6730000 - 0x000007fef696b000 	C:\PROGRA~1\MICROS~2\Office15\GROOVEEX.DLL
0x000000006ebb0000 - 0x000000006ec48000 	C:\Windows\system32\MSVCP100.dll
0x000000006eb80000 - 0x000000006ebab000 	C:\Windows\system32\ATL100.DLL
0x000007fef6f60000 - 0x000007fef7276000 	C:\Windows\system32\msi.dll
0x000007fef5290000 - 0x000007fef58c9000 	C:\PROGRA~1\MICROS~2\Office15\1033\GrooveIntlResource.dll
0x000007fef6c70000 - 0x000007fef6ca5000 	C:\Windows\system32\EhStorShell.dll
0x000007fefd170000 - 0x000007fefd347000 	C:\Windows\system32\SETUPAPI.dll
0x000007fefcfb0000 - 0x000007fefcfe6000 	C:\Windows\system32\CFGMGR32.dll
0x000007fefcf90000 - 0x000007fefcfaa000 	C:\Windows\system32\DEVOBJ.dll
0x000007fefb510000 - 0x000007fefb63c000 	C:\Windows\system32\PROPSYS.dll
0x000007fef6be0000 - 0x000007fef6c5e000 	C:\Windows\System32\cscui.dll
0x000007fef6bd0000 - 0x000007fef6bdc000 	C:\Windows\System32\CSCDLL.dll
0x000007fef7e70000 - 0x000007fef7e7f000 	C:\Windows\system32\CSCAPI.dll
0x000007fef6b50000 - 0x000007fef6bd0000 	C:\Windows\system32\ntshrui.dll
0x000007fefc6a0000 - 0x000007fefc6c3000 	C:\Windows\system32\srvcli.dll
0x000007fefa860000 - 0x000007fefa86b000 	C:\Windows\system32\slc.dll
0x0000000073890000 - 0x00000000738ba000 	C:\Program Files\Java\jdk1.7.0_45\jre\bin\dcpr.dll
0x000007fef7950000 - 0x000007fef79f0000 	C:\Windows\WinSxS\amd64_microsoft.windows.common-controls_6595b64144ccf1df_5.82.7601.17514_none_a4d6a923711520a9\comctl32.dll
0x000007fefb430000 - 0x000007fefb45d000 	C:\Windows\system32\ntmarta.dll
0x000007fefe6f0000 - 0x000007fefe742000 	C:\Windows\system32\WLDAP32.dll
0x000007fef4850000 - 0x000007fef49ec000 	C:\Windows\system32\NetworkExplorer.dll
0x000007fef6990000 - 0x000007fef69c4000 	C:\Windows\System32\shdocvw.dll
0x000007fefcbc0000 - 0x000007fefcbcf000 	C:\Windows\system32\profapi.dll
0x000007fef91b0000 - 0x000007fef91c8000 	C:\Windows\system32\MPR.dll
0x000007fefa5b0000 - 0x000007fefa5ba000 	C:\Windows\System32\drprov.dll
0x000007fefbfd0000 - 0x000007fefc00d000 	C:\Windows\System32\WINSTA.dll
0x000007fefa580000 - 0x000007fefa5a2000 	C:\Windows\System32\ntlanman.dll
0x000007fefa560000 - 0x000007fefa57c000 	C:\Windows\System32\davclnt.dll
0x000007fefa160000 - 0x000007fefa16a000 	C:\Windows\System32\DAVHLPR.dll
0x000007fefa410000 - 0x000007fefa425000 	C:\Windows\system32\wkscli.dll
0x000007fefa430000 - 0x000007fefa43c000 	C:\Windows\system32\netutils.dll
0x000007fedfd30000 - 0x000007fedffa1000 	C:\Windows\system32\wpdshext.dll
0x000007fefaf20000 - 0x000007fefb135000 	C:\Windows\WinSxS\amd64_microsoft.windows.gdiplus_6595b64144ccf1df_1.1.7601.17514_none_2b24536c71ed437a\gdiplus.dll
0x000007fef7b00000 - 0x000007fef7bbd000 	C:\Windows\system32\PortableDeviceApi.dll
0x000007fefcc80000 - 0x000007fefccba000 	C:\Windows\system32\WINTRUST.dll
0x000007fefcd70000 - 0x000007fefced7000 	C:\Windows\system32\CRYPT32.dll
0x000007fefcc60000 - 0x000007fefcc6f000 	C:\Windows\system32\MSASN1.dll
0x000007fef4740000 - 0x000007fef4767000 	C:\Windows\system32\EhStorAPI.dll
0x000007fef6980000 - 0x000007fef698c000 	C:\Windows\system32\LINKINFO.dll
0x000000006b860000 - 0x000000006b884000 	C:\Program Files\Java\jdk1.7.0_45\jre\bin\sunec.dll
0x000007fefb2e0000 - 0x000007fefb2f5000 	C:\Windows\system32\NLAapi.dll
0x000007fef7a90000 - 0x000007fef7aa5000 	C:\Windows\system32\napinsp.dll
0x000007fef7a70000 - 0x000007fef7a89000 	C:\Windows\system32\pnrpnsp.dll
0x000007fefc2b0000 - 0x000007fefc30b000 	C:\Windows\system32\DNSAPI.dll
0x000007fef7ad0000 - 0x000007fef7adb000 	C:\Windows\System32\winrnr.dll
0x000000006f610000 - 0x000000006f636000 	C:\Program Files\Bonjour\mdnsNSP.dll
0x000007fefa090000 - 0x000007fefa0b7000 	C:\Windows\system32\Iphlpapi.DLL
0x000007fefa370000 - 0x000007fefa37b000 	C:\Windows\system32\WINNSI.DLL
0x000007fefbdf0000 - 0x000007fefbdf7000 	C:\Windows\System32\wshtcpip.dll
0x000007fef81c0000 - 0x000007fef81c8000 	C:\Windows\system32\rasadhlp.dll
0x000007fef9e90000 - 0x000007fef9ee3000 	C:\Windows\System32\fwpuclnt.dll

VM Arguments:
jvm_args: -Xdebug -Xrunjdwp:transport=dt_shmem,address=javadebug -Dfile.encoding=UTF-8 
java_command: GUI.TestGUI
Launcher Type: SUN_STANDARD

Environment Variables:
JAVA_HOME=C:\Program Files (x86)\Java\jdk1.6.0_29
CLASSPATH=.;C:\PROGRA~2\IBM\SQLLIB\java\db2java.zip;C:\PROGRA~2\IBM\SQLLIB\java\db2jcc.jar;C:\PROGRA~2\IBM\SQLLIB\java\sqlj.zip;C:\PROGRA~2\IBM\SQLLIB\java\db2jcc_license_cu.jar;C:\PROGRA~2\IBM\SQLLIB\bin;C:\PROGRA~2\IBM\SQLLIB\java\common.jar
PATH=C:\Program Files (x86)\Java\jdk1.6.0_29;C:\Windows\system32;C:\Windows;C:\Windows\system32\wbem;C:\Windows\system32\windowspowershell\v1.0\;c:\program files (x86)\toshiba\bluetooth toshiba stack\sys\;c:\program files (x86)\toshiba\bluetooth toshiba stack\sys\x64\;c:\program files (x86)\borland\starteam sdk 10.4\lib;c:\program files (x86)\borland\starteam sdk 10.4\bin;c:\program files (x86)\quicktime\qtsystem\;C:\Program Files (x86)\Java\jdk1.6.0_29\bin;c:\program files (x86)\ibm\gsk8\lib;C:\PROGRA~2\IBM\SQLLIB\BIN;C:\PROGRA~2\IBM\SQLLIB\FUNCTION;C:\PROGRA~2\IBM\SQLLIB\SAMPLES\REPL;C:\Program Files (x86)\Intel\OpenCL SDK\2.0\bin\x86;C:\Program Files (x86)\Intel\OpenCL SDK\2.0\bin\x64
USERNAME=tanet-t
OS=Windows_NT
PROCESSOR_IDENTIFIER=Intel64 Family 6 Model 58 Stepping 9, GenuineIntel



---------------  S Y S T E M  ---------------

OS: Windows 7 , 64 bit Build 7601 Service Pack 1

CPU:total 4 (2 cores per cpu, 2 threads per core) family 6 model 58 stepping 9, cmov, cx8, fxsr, mmx, sse, sse2, sse3, ssse3, sse4.1, sse4.2, popcnt, avx, aes, erms, ht, tsc, tscinvbit, tscinv

Memory: 4k page, physical 8280236k(391756k free), swap 16558620k(6283440k free)

vm_info: Java HotSpot(TM) 64-Bit Server VM (24.45-b08) for windows-amd64 JRE (1.7.0_45-b18), built on Oct  8 2013 05:47:22 by "java_re" with unknown MS VC++:1600

time: Thu Nov 14 14:01:30 2013
elapsed time: 99 seconds

